<?xml version="1.0" encoding="UTF-8"?>
<!-- Generated by org.testng.reporters.JUnitXMLReporter -->
<testsuite hostname="DESKTOP-L881BI0" name="Command line test" tests="6" failures="3" timestamp="20 Nov 2020 14:45:31 GMT" time="146.578" errors="0">
  <testcase name="login" time="16.186" classname="test.Test001">
    <failure type="java.lang.NoClassDefFoundError" message="org/junit/Assert">
      <![CDATA[java.lang.NoClassDefFoundError: org/junit/Assert
	at test.Test001.login(Test001.java:27)
Caused by: java.lang.ClassNotFoundException: org.junit.Assert
	at java.net.URLClassLoader.findClass(URLClassLoader.java:382)
	at java.lang.ClassLoader.loadClass(ClassLoader.java:418)
	at sun.misc.Launcher$AppClassLoader.loadClass(Launcher.java:355)
	at java.lang.ClassLoader.loadClass(ClassLoader.java:351)
	... 35 more
... Removed 34 stack frames]]>
    </failure>
  </testcase> <!-- login -->
  <testcase name="test1" time="24.835" classname="conexion_chromedriver.Test001"/>
  <testcase name="test2" time="6.421" classname="conexion_chromedriver.Test001">
    <failure type="java.lang.NoClassDefFoundError" message="org/junit/Assert">
      <![CDATA[java.lang.NoClassDefFoundError: org/junit/Assert
	at conexion_chromedriver.Test001.test2(Test001.java:69)
Caused by: java.lang.ClassNotFoundException: org.junit.Assert
	at java.net.URLClassLoader.findClass(URLClassLoader.java:382)
	at java.lang.ClassLoader.loadClass(ClassLoader.java:418)
	at sun.misc.Launcher$AppClassLoader.loadClass(Launcher.java:355)
	at java.lang.ClassLoader.loadClass(ClassLoader.java:351)
	... 35 more
... Removed 34 stack frames]]>
    </failure>
  </testcase> <!-- test2 -->
  <testcase name="test3" time="14.51" classname="conexion_chromedriver.Test001"/>
  <testcase name="test4" time="34.87" classname="conexion_chromedriver.Test001">
    <failure type="java.lang.AssertionError" message="expected [$5.290] but found [$10.690]">
      <![CDATA[java.lang.AssertionError: expected [$5.290] but found [$10.690]
	at conexion_chromedriver.Test001.test4(Test001.java:94)
... Removed 39 stack frames]]>
    </failure>
  </testcase> <!-- test4 -->
  <testcase name="test5" time="8.919" classname="conexion_chromedriver.Test001"/>
</testsuite> <!-- Command line test -->
