<?xml version="1.0" encoding="UTF-8"?>
<!-- Generated by org.testng.reporters.JUnitXMLReporter -->
<testsuite hostname="DESKTOP-L881BI0" name="Test" tests="5" failures="1" timestamp="28 Sep 2020 21:34:50 GMT" time="149.882" errors="0">
  <testcase name="test1" time="17.026" classname="conexion_chromedriver.Test001"/>
  <testcase name="test2" time="5.341" classname="conexion_chromedriver.Test001"/>
  <testcase name="test3" time="14.954" classname="conexion_chromedriver.Test001"/>
  <testcase name="test4" time="71.174" classname="conexion_chromedriver.Test001">
    <failure type="java.lang.AssertionError" message="expected [$5.290] but found [$1.390]">
      <![CDATA[java.lang.AssertionError: expected [$5.290] but found [$1.390]
	at conexion_chromedriver.Test001.test4(Test001.java:99)
... Removed 33 stack frames]]>
    </failure>
  </testcase> <!-- test4 -->
  <testcase name="test5" time="11.516" classname="conexion_chromedriver.Test001"/>
</testsuite> <!-- Test -->
